{
  "stats": {
    "suites": 1,
    "tests": 13,
    "passes": 13,
    "pending": 0,
    "failures": 0,
    "start": "2018-11-21T04:34:40.900Z",
    "end": "2018-11-21T04:43:27.556Z",
    "duration": 526656,
    "testsRegistered": 13,
    "passPercent": 100,
    "pendingPercent": 0,
    "other": 0,
    "hasOther": false,
    "skipped": 0,
    "hasSkipped": false,
    "passPercentClass": "success",
    "pendingPercentClass": "danger"
  },
  "suites": {
    "uuid": "09d0c065-5654-4f42-a849-7472ac11ab72",
    "title": "",
    "fullFile": "",
    "file": "",
    "beforeHooks": [],
    "afterHooks": [],
    "tests": [],
    "suites": [
      {
        "uuid": "ddb94aaa-a536-4500-98db-76dcde2d52ee",
        "title": "POST /",
        "fullFile": "/home/qixue/InMoment-Challenge/test/test.js",
        "file": "/test/test.js",
        "beforeHooks": [],
        "afterHooks": [],
        "tests": [
          {
            "title": "search \"apple\"",
            "fullTitle": "POST / search \"apple\"",
            "timedOut": false,
            "duration": 33295,
            "state": "passed",
            "speed": "slow",
            "pass": true,
            "fail": false,
            "pending": false,
            "code": "request(app)\n.post('/')\n.send(\"word=apple\")\n.expect(200)\n.end(function(err, res){\n    if(err) return done(err);\n    done();\n});",
            "err": {},
            "isRoot": false,
            "uuid": "38ad0e6c-1d33-4e12-863f-7a98c84b759e",
            "isHook": false,
            "skipped": false
          },
          {
            "title": "search \"middle\"",
            "fullTitle": "POST / search \"middle\"",
            "timedOut": false,
            "duration": 49437,
            "state": "passed",
            "speed": "slow",
            "pass": true,
            "fail": false,
            "pending": false,
            "code": "request(app)\n.post('/')\n.send(\"word=middle\")\n.expect(200)\n.end(function(err, res){\n    if(err) return done(err);\n    done();\n});",
            "err": {},
            "isRoot": false,
            "uuid": "ea5b0ed1-ccde-4a31-83ad-d015b06590b7",
            "isHook": false,
            "skipped": false
          },
          {
            "title": "search \"yellow\"",
            "fullTitle": "POST / search \"yellow\"",
            "timedOut": false,
            "duration": 17843,
            "state": "passed",
            "speed": "slow",
            "pass": true,
            "fail": false,
            "pending": false,
            "code": "request(app)\n.post('/')\n.send(\"word=yellow\")\n.expect(200)\n.end(function(err, res){\n    if(err) return done(err);\n    done();\n});",
            "err": {},
            "isRoot": false,
            "uuid": "191fa08d-b91d-4321-a47c-27ff9ef7dbb6",
            "isHook": false,
            "skipped": false
          },
          {
            "title": "search \"red\"",
            "fullTitle": "POST / search \"red\"",
            "timedOut": false,
            "duration": 50388,
            "state": "passed",
            "speed": "slow",
            "pass": true,
            "fail": false,
            "pending": false,
            "code": "request(app)\n.post('/')\n.send(\"word=red\")\n.expect(200)\n.end(function(err, res){\n    if(err) return done(err);\n    done();\n});",
            "err": {},
            "isRoot": false,
            "uuid": "851e0151-2115-49da-9853-7c342924e2f5",
            "isHook": false,
            "skipped": false
          },
          {
            "title": "search \"oxygen\"",
            "fullTitle": "POST / search \"oxygen\"",
            "timedOut": false,
            "duration": 48081,
            "state": "passed",
            "speed": "slow",
            "pass": true,
            "fail": false,
            "pending": false,
            "code": "request(app)\n.post('/')\n.send(\"word=oxygen\")\n.expect(200)\n.end(function(err, res){\n    if(err) return done(err);\n    done();\n});",
            "err": {},
            "isRoot": false,
            "uuid": "3a722b38-06cd-4cc5-b04b-d93b333c1986",
            "isHook": false,
            "skipped": false
          },
          {
            "title": "search \"people\"",
            "fullTitle": "POST / search \"people\"",
            "timedOut": false,
            "duration": 51730,
            "state": "passed",
            "speed": "slow",
            "pass": true,
            "fail": false,
            "pending": false,
            "code": "request(app)\n.post('/')\n.send(\"word=people\")\n.expect(200)\n.end(function(err, res){\n    if(err) return done(err);\n    done();\n});",
            "err": {},
            "isRoot": false,
            "uuid": "60b3a0cc-2ab8-4715-ab6d-a85f1bbf466e",
            "isHook": false,
            "skipped": false
          },
          {
            "title": "search \"queue\"",
            "fullTitle": "POST / search \"queue\"",
            "timedOut": false,
            "duration": 29740,
            "state": "passed",
            "speed": "slow",
            "pass": true,
            "fail": false,
            "pending": false,
            "code": "request(app)\n.post('/')\n.send(\"word=queue\")\n.expect(200)\n.end(function(err, res){\n    if(err) return done(err);\n    done();\n});",
            "err": {},
            "isRoot": false,
            "uuid": "887b6c5a-efcf-4f61-8193-314ab75d7be9",
            "isHook": false,
            "skipped": false
          },
          {
            "title": "search \"move\"",
            "fullTitle": "POST / search \"move\"",
            "timedOut": false,
            "duration": 75182,
            "state": "passed",
            "speed": "slow",
            "pass": true,
            "fail": false,
            "pending": false,
            "code": "request(app)\n.post('/')\n.send(\"word=move\")\n.expect(200)\n.end(function(err, res){\n    if(err) return done(err);\n    done();\n});",
            "err": {},
            "isRoot": false,
            "uuid": "e120ad82-adce-4e46-bd8d-d3e8722feaa4",
            "isHook": false,
            "skipped": false
          },
          {
            "title": "search \"depend\"",
            "fullTitle": "POST / search \"depend\"",
            "timedOut": false,
            "duration": 50791,
            "state": "passed",
            "speed": "slow",
            "pass": true,
            "fail": false,
            "pending": false,
            "code": "request(app)\n.post('/')\n.send(\"word=depend\")\n.expect(200)\n.end(function(err, res){\n    if(err) return done(err);\n    done();\n});",
            "err": {},
            "isRoot": false,
            "uuid": "fb4456ef-8abf-462c-83ad-766ab08c3a92",
            "isHook": false,
            "skipped": false
          },
          {
            "title": "search \"ice\"",
            "fullTitle": "POST / search \"ice\"",
            "timedOut": false,
            "duration": 76858,
            "state": "passed",
            "speed": "slow",
            "pass": true,
            "fail": false,
            "pending": false,
            "code": "request(app)\n.post('/')\n.send(\"word=ice\")\n.expect(200)\n.end(function(err, res){\n    if(err) return done(err);\n    done();\n});",
            "err": {},
            "isRoot": false,
            "uuid": "0bf8d185-8d72-429e-b11c-29136804c0d0",
            "isHook": false,
            "skipped": false
          },
          {
            "title": "search \"usually\"",
            "fullTitle": "POST / search \"usually\"",
            "timedOut": false,
            "duration": 5156,
            "state": "passed",
            "speed": "slow",
            "pass": true,
            "fail": false,
            "pending": false,
            "code": "request(app)\n.post('/')\n.send(\"word=usually\")\n.expect(200)\n.end(function(err, res){\n    if(err) return done(err);\n    done();\n});",
            "err": {},
            "isRoot": false,
            "uuid": "77f15f24-8f8d-4394-bacc-7f2b542e4611",
            "isHook": false,
            "skipped": false
          },
          {
            "title": "search \"wife\"",
            "fullTitle": "POST / search \"wife\"",
            "timedOut": false,
            "duration": 27819,
            "state": "passed",
            "speed": "slow",
            "pass": true,
            "fail": false,
            "pending": false,
            "code": "request(app)\n.post('/')\n.send(\"word=wife\")\n.expect(200)\n.end(function(err, res){\n    if(err) return done(err);\n    done();\n});",
            "err": {},
            "isRoot": false,
            "uuid": "b9d26751-c3d7-48ee-a3e5-afe8f6f113ad",
            "isHook": false,
            "skipped": false
          },
          {
            "title": "search \"zebra\"",
            "fullTitle": "POST / search \"zebra\"",
            "timedOut": false,
            "duration": 10319,
            "state": "passed",
            "speed": "slow",
            "pass": true,
            "fail": false,
            "pending": false,
            "code": "request(app)\n.post('/')\n.send(\"word=zebra\")\n.expect(200)\n.end(function(err, res){\n    if(err) return done(err);\n    done();\n});",
            "err": {},
            "isRoot": false,
            "uuid": "b6abb47b-500c-4be9-af22-3e1b2398c202",
            "isHook": false,
            "skipped": false
          }
        ],
        "suites": [],
        "passes": [
          "38ad0e6c-1d33-4e12-863f-7a98c84b759e",
          "ea5b0ed1-ccde-4a31-83ad-d015b06590b7",
          "191fa08d-b91d-4321-a47c-27ff9ef7dbb6",
          "851e0151-2115-49da-9853-7c342924e2f5",
          "3a722b38-06cd-4cc5-b04b-d93b333c1986",
          "60b3a0cc-2ab8-4715-ab6d-a85f1bbf466e",
          "887b6c5a-efcf-4f61-8193-314ab75d7be9",
          "e120ad82-adce-4e46-bd8d-d3e8722feaa4",
          "fb4456ef-8abf-462c-83ad-766ab08c3a92",
          "0bf8d185-8d72-429e-b11c-29136804c0d0",
          "77f15f24-8f8d-4394-bacc-7f2b542e4611",
          "b9d26751-c3d7-48ee-a3e5-afe8f6f113ad",
          "b6abb47b-500c-4be9-af22-3e1b2398c202"
        ],
        "failures": [],
        "pending": [],
        "skipped": [],
        "duration": 526639,
        "root": false,
        "rootEmpty": false,
        "_timeout": 180000
      }
    ],
    "passes": [],
    "failures": [],
    "pending": [],
    "skipped": [],
    "duration": 0,
    "root": true,
    "rootEmpty": true,
    "_timeout": 2000
  },
  "copyrightYear": 2018
}